<?xml version="1.0" encoding="UTF-8"?>
<testsuite name="PingPongTest" tests="3" skipped="0" failures="0" errors="0" timestamp="2016-01-04T23:18:50" hostname="epicodus-169.local" time="0.001">
  <properties/>
  <testcase name="pingPong_forNumbersDivisibleByFive_returnPong" classname="PingPongTest" time="0.001"/>
  <testcase name="pingPong_forAllNumbersFromOneToGivenNumber_outputNumber" classname="PingPongTest" time="0.0"/>
  <testcase name="pingPong_forNumbersDivisibleByThree_returnPing" classname="PingPongTest" time="0.0"/>
  <system-out><![CDATA[]]></system-out>
  <system-err><![CDATA[]]></system-err>
</testsuite>
